INFO: 2017-10-11 11:20:30 -0500 analyzing page:https://en.wikipedia.org/wiki/Emma_Watson
INFO: 2017-10-11 11:22:48 -0500 analyzing page:https://en.wikipedia.org/wiki/Emma_Watson
INFO: 2017-10-11 11:23:00 -0500 analyzing page:https://en.wikipedia.org/wiki/Emma_Watson
INFO: 2017-10-11 11:23:40 -0500 analyzing page:https://en.wikipedia.org/wiki/James_Garner
INFO: 2017-10-11 11:23:40 -0500 analyzing page:https://en.wikipedia.org/wiki/Hill_Street_Blues
INFO: 2017-10-11 11:23:40 -0500 analyzing page:https://en.wikipedia.org/wiki/I_Love_Lucy
INFO: 2017-10-11 11:23:41 -0500 analyzing page:https://en.wikipedia.org/wiki/Mad_Men
INFO: 2017-10-11 11:23:41 -0500 analyzing page:https://en.wikipedia.org/wiki/L.A._Law
INFO: 2017-10-11 11:23:41 -0500 analyzing page:https://en.wikipedia.org/wiki/The_West_Wing
INFO: 2017-10-11 11:23:42 -0500 analyzing page:https://en.wikipedia.org/wiki/L.A._Law
INFO: 2017-10-11 11:23:42 -0500 analyzing page:https://en.wikipedia.org/wiki/The_West_Wing_(TV_series)
INFO: 2017-10-11 11:23:42 -0500 analyzing page:https://en.wikipedia.org/wiki/Beverly_Hills_Buntz
INFO: 2017-10-11 11:23:43 -0500 analyzing page:https://en.wikipedia.org/wiki/Richie_Brockelman,_Private_Eye
INFO: 2017-10-11 11:23:43 -0500 analyzing page:https://en.wikipedia.org/wiki/Paris_(1979_TV_series)
INFO: 2017-10-11 11:23:43 -0500 analyzing page:https://en.wikipedia.org
INFO: 2017-10-11 11:23:43 -0500 analyzing page:https://en.wikipedia.org/wiki/Bay_City_Blues
INFO: 2017-10-11 11:24:08 -0500 analyzing page:https://en.wikipedia.org/wiki/James_Garner
INFO: 2017-10-11 11:24:09 -0500 analyzing page:https://en.wikipedia.org/wiki/Hill_Street_Blues
INFO: 2017-10-11 11:24:09 -0500 analyzing page:https://en.wikipedia.org/wiki/I_Love_Lucy
INFO: 2017-10-11 11:24:09 -0500 analyzing page:https://en.wikipedia.org/wiki/Mad_Men
INFO: 2017-10-11 11:24:09 -0500 analyzing page:https://en.wikipedia.org/wiki/L.A._Law
INFO: 2017-10-11 11:24:10 -0500 analyzing page:https://en.wikipedia.org/wiki/The_West_Wing
INFO: 2017-10-11 11:24:10 -0500 analyzing page:https://en.wikipedia.org/wiki/L.A._Law
INFO: 2017-10-11 11:24:10 -0500 analyzing page:https://en.wikipedia.org/wiki/The_West_Wing_(TV_series)
INFO: 2017-10-11 11:24:11 -0500 analyzing page:https://en.wikipedia.org/wiki/Beverly_Hills_Buntz
INFO: 2017-10-11 11:24:11 -0500 analyzing page:https://en.wikipedia.org/wiki/Richie_Brockelman,_Private_Eye
INFO: 2017-10-11 11:24:11 -0500 analyzing page:https://en.wikipedia.org/wiki/Paris_(1979_TV_series)
INFO: 2017-10-11 11:24:11 -0500 analyzing page:https://en.wikipedia.org
INFO: 2017-10-11 11:24:12 -0500 analyzing page:https://en.wikipedia.org/wiki/Bay_City_Blues
INFO: 2017-10-11 11:24:12 -0500 analyzing page:https://en.wikipedia.org/wiki/Hooperman
INFO: 2017-10-11 11:24:12 -0500 analyzing page:https://en.wikipedia.org/wiki/L.A._Law
INFO: 2017-10-11 11:24:12 -0500 analyzing page:https://en.wikipedia.org/wiki/Doogie_Howser,_M.D.
INFO: 2017-10-11 11:24:13 -0500 analyzing page:https://en.wikipedia.org/wiki/Cop_Rock
INFO: 2017-10-11 11:24:13 -0500 analyzing page:https://en.wikipedia.org/wiki/Civil_Wars_(TV_series)
INFO: 2017-10-11 11:24:13 -0500 analyzing page:https://en.wikipedia.org/wiki/Capitol_Critters
INFO: 2017-10-11 11:24:13 -0500 analyzing page:https://en.wikipedia.org/wiki/NYPD_Blue
INFO: 2017-10-11 11:24:14 -0500 analyzing page:https://en.wikipedia.org/wiki/The_Byrds_of_Paradise
INFO: 2017-10-11 11:24:14 -0500 analyzing page:https://en.wikipedia.org/wiki/Public_Morals_(1996_TV_series)
INFO: 2017-10-11 11:24:14 -0500 analyzing page:https://en.wikipedia.org/wiki/Murder_One_(TV_series)
INFO: 2017-10-11 11:24:14 -0500 analyzing page:https://en.wikipedia.org/wiki/Brooklyn_South
INFO: 2017-10-11 11:24:15 -0500 analyzing page:https://en.wikipedia.org/wiki/City_of_Angels_(2000_TV_series)
INFO: 2017-10-11 11:24:15 -0500 analyzing page:https://en.wikipedia.org/wiki/Philly_(TV_series)
INFO: 2017-10-11 11:24:15 -0500 analyzing page:https://en.wikipedia.org/wiki/Blind_Justice_(TV_series)
INFO: 2017-10-11 11:24:15 -0500 analyzing page:https://en.wikipedia.org/wiki/Over_There_(TV_series)
INFO: 2017-10-11 11:24:15 -0500 analyzing page:https://en.wikipedia.org/wiki/Commander_in_Chief_(TV_series)
INFO: 2017-10-11 11:24:16 -0500 analyzing page:https://en.wikipedia.org/w/index.php?title=Hollis_%26_Rae&action=edit&redlink=1
INFO: 2017-10-11 11:24:16 -0500 analyzing page:https://en.wikipedia.org/wiki/Raising_the_Bar_(2008_TV_series)
INFO: 2017-10-11 11:24:17 -0500 analyzing page:https://en.wikipedia.org/wiki/Murder_in_the_First_(TV_series)
INFO: 2017-10-11 11:24:17 -0500 analyzing page:https://en.wikipedia.org/wiki/Pulitzer_Prize_Playhouse
INFO: 2017-10-11 11:24:17 -0500 analyzing page:https://en.wikipedia.org/wiki/Westinghouse_Studio_One
INFO: 2017-10-11 11:24:17 -0500 analyzing page:https://en.wikipedia.org/wiki/Robert_Montgomery_Presents
INFO: 2017-10-11 11:24:17 -0500 analyzing page:https://en.wikipedia.org/wiki/The_United_States_Steel_Hour
INFO: 2017-10-11 11:24:18 -0500 analyzing page:https://en.wikipedia.org/wiki/The_United_States_Steel_Hour
INFO: 2017-10-11 11:24:18 -0500 analyzing page:https://en.wikipedia.org/wiki/Producers%27_Showcase
INFO: 2017-10-11 11:24:18 -0500 analyzing page:https://en.wikipedia.org/wiki/Gunsmoke
INFO: 2017-10-11 11:24:19 -0500 analyzing page:https://en.wikipedia.org/wiki/Alcoa_Theatre
INFO: 2017-10-11 11:24:19 -0500 analyzing page:https://en.wikipedia.org/wiki/Playhouse_90
INFO: 2017-10-11 11:24:19 -0500 analyzing page:https://en.wikipedia.org/wiki/Hallmark_Hall_of_Fame
INFO: 2017-10-11 11:24:19 -0500 analyzing page:https://en.wikipedia.org/wiki/The_Defenders_(1961_TV_series)
INFO: 2017-10-11 11:24:19 -0500 analyzing page:https://en.wikipedia.org/wiki/The_Defenders_(1961_TV_series)
INFO: 2017-10-11 11:24:20 -0500 analyzing page:https://en.wikipedia.org/wiki/The_Defenders_(1961_TV_series)
INFO: 2017-10-11 11:24:20 -0500 analyzing page:https://en.wikipedia.org/wiki/The_Fugitive_(TV_series)
INFO: 2017-10-11 11:24:20 -0500 analyzing page:https://en.wikipedia.org/wiki/Mission:_Impossible
INFO: 2017-10-11 11:24:20 -0500 analyzing page:https://en.wikipedia.org/wiki/Mission:_Impossible
INFO: 2017-10-11 11:24:21 -0500 analyzing page:https://en.wikipedia.org/wiki/NET_Playhouse
INFO: 2017-10-11 11:24:21 -0500 analyzing page:https://en.wikipedia.org/wiki/Marcus_Welby,_M.D.
INFO: 2017-10-11 11:24:21 -0500 analyzing page:https://en.wikipedia.org/wiki/The_Bold_Ones:_The_Senator
INFO: 2017-10-11 11:24:21 -0500 analyzing page:https://en.wikipedia.org/wiki/Elizabeth_R
INFO: 2017-10-11 11:24:21 -0500 analyzing page:https://en.wikipedia.org/wiki/The_Waltons
INFO: 2017-10-11 11:26:17 -0500 analyzing page:https://en.wikipedia.org/wiki/James_Garner
INFO: 2017-10-11 11:26:17 -0500 analyzing page:https://en.wikipedia.org/wiki/Hill_Street_Blues
INFO: 2017-10-11 11:26:17 -0500 analyzing page:https://en.wikipedia.org/wiki/I_Love_Lucy
INFO: 2017-10-11 11:26:18 -0500 analyzing page:https://en.wikipedia.org/wiki/Mad_Men
INFO: 2017-10-11 11:26:18 -0500 analyzing page:https://en.wikipedia.org/wiki/L.A._Law
INFO: 2017-10-11 11:26:18 -0500 analyzing page:https://en.wikipedia.org/wiki/The_West_Wing
INFO: 2017-10-11 11:26:19 -0500 analyzing page:https://en.wikipedia.org/wiki/L.A._Law
INFO: 2017-10-11 11:26:19 -0500 analyzing page:https://en.wikipedia.org/wiki/The_West_Wing_(TV_series)
INFO: 2017-10-11 11:26:19 -0500 analyzing page:https://en.wikipedia.org/wiki/Beverly_Hills_Buntz
INFO: 2017-10-11 11:26:19 -0500 analyzing page:https://en.wikipedia.org/wiki/Richie_Brockelman,_Private_Eye
INFO: 2017-10-11 11:26:20 -0500 analyzing page:https://en.wikipedia.org/wiki/Paris_(1979_TV_series)
INFO: 2017-10-11 11:26:20 -0500 analyzing page:https://en.wikipedia.org
INFO: 2017-10-11 11:26:20 -0500 analyzing page:https://en.wikipedia.org/wiki/Bay_City_Blues
INFO: 2017-10-11 11:26:20 -0500 analyzing page:https://en.wikipedia.org/wiki/Hooperman
INFO: 2017-10-11 11:26:21 -0500 analyzing page:https://en.wikipedia.org/wiki/L.A._Law
INFO: 2017-10-11 11:26:21 -0500 analyzing page:https://en.wikipedia.org/wiki/Doogie_Howser,_M.D.
INFO: 2017-10-11 11:26:21 -0500 analyzing page:https://en.wikipedia.org/wiki/Cop_Rock
INFO: 2017-10-11 11:26:21 -0500 analyzing page:https://en.wikipedia.org/wiki/Civil_Wars_(TV_series)
INFO: 2017-10-11 11:26:27 -0500 analyzing page:https://en.wikipedia.org/wiki/Emma_Watson
INFO: 2017-10-11 11:26:59 -0500 analyzing page:https://en.wikipedia.org/wiki/Emma_Watson
INFO: 2017-10-11 11:27:13 -0500 analyzing page:https://en.wikipedia.org/wiki/Emma_Watson
INFO: 2017-10-11 11:27:23 -0500 analyzing page:https://en.wikipedia.org/wiki/Emma_Watson
INFO: 2017-10-11 11:27:30 -0500 analyzing page:https://en.wikipedia.org/wiki/James_Garner
INFO: 2017-10-11 11:27:30 -0500 analyzing page:https://en.wikipedia.org/wiki/Hill_Street_Blues
INFO: 2017-10-11 11:27:30 -0500 analyzing page:https://en.wikipedia.org/wiki/I_Love_Lucy
INFO: 2017-10-11 11:27:31 -0500 analyzing page:https://en.wikipedia.org/wiki/Mad_Men
INFO: 2017-10-11 11:27:31 -0500 analyzing page:https://en.wikipedia.org/wiki/L.A._Law
INFO: 2017-10-11 11:27:31 -0500 analyzing page:https://en.wikipedia.org/wiki/The_West_Wing
INFO: 2017-10-11 11:27:32 -0500 analyzing page:https://en.wikipedia.org/wiki/L.A._Law
INFO: 2017-10-11 11:27:32 -0500 analyzing page:https://en.wikipedia.org/wiki/The_West_Wing_(TV_series)
INFO: 2017-10-11 11:29:34 -0500 analyzing page:https://en.wikipedia.org/wiki/James_Garner
INFO: 2017-10-11 11:29:34 -0500 analyzing page:https://en.wikipedia.org/wiki/Hill_Street_Blues
INFO: 2017-10-11 11:29:34 -0500 analyzing page:https://en.wikipedia.org/wiki/I_Love_Lucy
INFO: 2017-10-11 11:29:34 -0500 analyzing page:https://en.wikipedia.org/wiki/Mad_Men
INFO: 2017-10-11 11:29:35 -0500 analyzing page:https://en.wikipedia.org/wiki/L.A._Law
INFO: 2017-10-11 11:29:35 -0500 analyzing page:https://en.wikipedia.org/wiki/The_West_Wing
INFO: 2017-10-11 11:29:36 -0500 analyzing page:https://en.wikipedia.org/wiki/L.A._Law
INFO: 2017-10-11 11:29:36 -0500 analyzing page:https://en.wikipedia.org/wiki/The_West_Wing_(TV_series)
INFO: 2017-10-11 11:29:36 -0500 analyzing page:https://en.wikipedia.org/wiki/Beverly_Hills_Buntz
INFO: 2017-10-11 11:29:36 -0500 analyzing page:https://en.wikipedia.org/wiki/Richie_Brockelman,_Private_Eye
INFO: 2017-10-11 11:29:37 -0500 analyzing page:https://en.wikipedia.org/wiki/Paris_(1979_TV_series)
INFO: 2017-10-11 11:29:37 -0500 analyzing page:https://en.wikipedia.org
INFO: 2017-10-11 11:29:37 -0500 analyzing page:https://en.wikipedia.org/wiki/Bay_City_Blues
INFO: 2017-10-11 11:29:38 -0500 analyzing page:https://en.wikipedia.org/wiki/Hooperman
INFO: 2017-10-11 11:29:38 -0500 analyzing page:https://en.wikipedia.org/wiki/L.A._Law
INFO: 2017-10-11 11:29:38 -0500 analyzing page:https://en.wikipedia.org/wiki/Doogie_Howser,_M.D.
INFO: 2017-10-11 11:29:38 -0500 analyzing page:https://en.wikipedia.org/wiki/Cop_Rock
INFO: 2017-10-11 11:29:38 -0500 analyzing page:https://en.wikipedia.org/wiki/Civil_Wars_(TV_series)
INFO: 2017-10-11 11:29:39 -0500 analyzing page:https://en.wikipedia.org/wiki/Capitol_Critters
INFO: 2017-10-11 11:29:39 -0500 analyzing page:https://en.wikipedia.org/wiki/NYPD_Blue
INFO: 2017-10-11 11:29:39 -0500 analyzing page:https://en.wikipedia.org/wiki/The_Byrds_of_Paradise
INFO: 2017-10-11 11:29:39 -0500 analyzing page:https://en.wikipedia.org/wiki/Public_Morals_(1996_TV_series)
INFO: 2017-10-11 11:29:40 -0500 analyzing page:https://en.wikipedia.org/wiki/Murder_One_(TV_series)
INFO: 2017-10-11 11:29:40 -0500 analyzing page:https://en.wikipedia.org/wiki/Brooklyn_South
INFO: 2017-10-11 11:29:40 -0500 analyzing page:https://en.wikipedia.org/wiki/City_of_Angels_(2000_TV_series)
INFO: 2017-10-11 11:29:40 -0500 analyzing page:https://en.wikipedia.org/wiki/Philly_(TV_series)
INFO: 2017-10-11 11:29:40 -0500 analyzing page:https://en.wikipedia.org/wiki/Blind_Justice_(TV_series)
INFO: 2017-10-11 11:29:41 -0500 analyzing page:https://en.wikipedia.org/wiki/Over_There_(TV_series)
INFO: 2017-10-11 11:29:41 -0500 analyzing page:https://en.wikipedia.org/wiki/Commander_in_Chief_(TV_series)
INFO: 2017-10-11 11:29:41 -0500 analyzing page:https://en.wikipedia.org/w/index.php?title=Hollis_%26_Rae&action=edit&redlink=1
INFO: 2017-10-11 11:29:42 -0500 analyzing page:https://en.wikipedia.org/wiki/Raising_the_Bar_(2008_TV_series)
INFO: 2017-10-11 11:29:42 -0500 analyzing page:https://en.wikipedia.org/wiki/Murder_in_the_First_(TV_series)
INFO: 2017-10-11 11:29:42 -0500 analyzing page:https://en.wikipedia.org/wiki/Pulitzer_Prize_Playhouse
INFO: 2017-10-11 11:29:42 -0500 analyzing page:https://en.wikipedia.org/wiki/Westinghouse_Studio_One
INFO: 2017-10-11 11:29:42 -0500 analyzing page:https://en.wikipedia.org/wiki/Robert_Montgomery_Presents
INFO: 2017-10-11 11:29:43 -0500 analyzing page:https://en.wikipedia.org/wiki/The_United_States_Steel_Hour
INFO: 2017-10-11 11:29:43 -0500 analyzing page:https://en.wikipedia.org/wiki/The_United_States_Steel_Hour
INFO: 2017-10-11 11:29:43 -0500 analyzing page:https://en.wikipedia.org/wiki/Producers%27_Showcase
INFO: 2017-10-11 11:30:35 -0500 analyzing page:https://en.wikipedia.org/wiki/Matt_damon
INFO: 2017-10-11 11:30:35 -0500 analyzing page:https://en.wikipedia.org/wiki/The_Rainmaker_(1997_film)
INFO: 2017-10-11 11:30:36 -0500 analyzing page:https://en.wikipedia.org/wiki/Good_Will_Hunting
INFO: 2017-10-11 11:30:36 -0500 analyzing page:https://en.wikipedia.org/wiki/Saving_Private_Ryan
INFO: 2017-10-11 11:30:36 -0500 analyzing page:https://en.wikipedia.org/wiki/Rounders_(film)
INFO: 2017-10-11 11:30:36 -0500 analyzing page:https://en.wikipedia.org/wiki/The_Talented_Mr._Ripley_(film)
INFO: 2017-10-11 11:30:37 -0500 analyzing page:https://en.wikipedia.org/wiki/Ocean%27s_Eleven
INFO: 2017-10-11 11:30:37 -0500 analyzing page:https://en.wikipedia.org/wiki/Spirit:_Stallion_of_the_Cimarron
INFO: 2017-10-11 11:30:37 -0500 analyzing page:https://en.wikipedia.org/wiki/The_Bourne_Identity_(2002_film)
INFO: 2017-10-11 11:30:37 -0500 analyzing page:https://en.wikipedia.org/wiki/The_Bourne_Supremacy_(film)
INFO: 2017-10-11 11:30:38 -0500 analyzing page:https://en.wikipedia.org/wiki/Ocean%27s_Twelve
INFO: 2017-10-11 11:30:38 -0500 analyzing page:https://en.wikipedia.org/wiki/Syriana
INFO: 2017-10-11 11:30:52 -0500 analyzing page:https://en.wikipedia.org/wiki/James_Garner
INFO: 2017-10-11 11:30:53 -0500 analyzing page:https://en.wikipedia.org/wiki/Hill_Street_Blues
INFO: 2017-10-11 11:30:53 -0500 analyzing page:https://en.wikipedia.org/wiki/I_Love_Lucy
INFO: 2017-10-11 11:30:53 -0500 analyzing page:https://en.wikipedia.org/wiki/Mad_Men
INFO: 2017-10-11 11:30:54 -0500 analyzing page:https://en.wikipedia.org/wiki/L.A._Law
INFO: 2017-10-11 11:30:54 -0500 analyzing page:https://en.wikipedia.org/wiki/The_West_Wing
INFO: 2017-10-11 11:30:54 -0500 analyzing page:https://en.wikipedia.org/wiki/L.A._Law
INFO: 2017-10-11 11:30:54 -0500 analyzing page:https://en.wikipedia.org/wiki/The_West_Wing_(TV_series)
INFO: 2017-10-11 11:30:55 -0500 analyzing page:https://en.wikipedia.org/wiki/Beverly_Hills_Buntz
INFO: 2017-10-11 11:30:55 -0500 analyzing page:https://en.wikipedia.org/wiki/Richie_Brockelman,_Private_Eye
INFO: 2017-10-11 11:30:55 -0500 analyzing page:https://en.wikipedia.org/wiki/Paris_(1979_TV_series)
INFO: 2017-10-11 11:30:55 -0500 analyzing page:https://en.wikipedia.org
INFO: 2017-10-11 11:30:56 -0500 analyzing page:https://en.wikipedia.org/wiki/Bay_City_Blues
INFO: 2017-10-11 11:30:56 -0500 analyzing page:https://en.wikipedia.org/wiki/Hooperman
INFO: 2017-10-11 11:30:56 -0500 analyzing page:https://en.wikipedia.org/wiki/L.A._Law
INFO: 2017-10-11 11:30:56 -0500 analyzing page:https://en.wikipedia.org/wiki/Doogie_Howser,_M.D.
INFO: 2017-10-11 11:30:57 -0500 analyzing page:https://en.wikipedia.org/wiki/Cop_Rock
INFO: 2017-10-11 11:30:57 -0500 analyzing page:https://en.wikipedia.org/wiki/Civil_Wars_(TV_series)
INFO: 2017-10-11 11:30:57 -0500 analyzing page:https://en.wikipedia.org/wiki/Capitol_Critters
INFO: 2017-10-11 11:30:57 -0500 analyzing page:https://en.wikipedia.org/wiki/NYPD_Blue
INFO: 2017-10-11 11:30:58 -0500 analyzing page:https://en.wikipedia.org/wiki/The_Byrds_of_Paradise
INFO: 2017-10-11 11:30:58 -0500 analyzing page:https://en.wikipedia.org/wiki/Public_Morals_(1996_TV_series)
INFO: 2017-10-11 11:30:58 -0500 analyzing page:https://en.wikipedia.org/wiki/Murder_One_(TV_series)
INFO: 2017-10-11 11:30:58 -0500 analyzing page:https://en.wikipedia.org/wiki/Brooklyn_South
INFO: 2017-10-11 11:30:58 -0500 analyzing page:https://en.wikipedia.org/wiki/City_of_Angels_(2000_TV_series)
INFO: 2017-10-11 11:30:59 -0500 analyzing page:https://en.wikipedia.org/wiki/Philly_(TV_series)
INFO: 2017-10-11 11:30:59 -0500 analyzing page:https://en.wikipedia.org/wiki/Blind_Justice_(TV_series)
INFO: 2017-10-11 11:30:59 -0500 analyzing page:https://en.wikipedia.org/wiki/Over_There_(TV_series)
INFO: 2017-10-11 11:30:59 -0500 analyzing page:https://en.wikipedia.org/wiki/Commander_in_Chief_(TV_series)
INFO: 2017-10-11 11:30:59 -0500 analyzing page:https://en.wikipedia.org/w/index.php?title=Hollis_%26_Rae&action=edit&redlink=1
INFO: 2017-10-11 11:31:00 -0500 analyzing page:https://en.wikipedia.org/wiki/Raising_the_Bar_(2008_TV_series)
INFO: 2017-10-11 11:31:00 -0500 analyzing page:https://en.wikipedia.org/wiki/Murder_in_the_First_(TV_series)
INFO: 2017-10-11 11:31:00 -0500 analyzing page:https://en.wikipedia.org/wiki/Pulitzer_Prize_Playhouse
INFO: 2017-10-11 11:31:01 -0500 analyzing page:https://en.wikipedia.org/wiki/Westinghouse_Studio_One
INFO: 2017-10-11 11:31:01 -0500 analyzing page:https://en.wikipedia.org/wiki/Robert_Montgomery_Presents
INFO: 2017-10-11 11:31:01 -0500 analyzing page:https://en.wikipedia.org/wiki/The_United_States_Steel_Hour
INFO: 2017-10-11 11:31:48 -0500 analyzing page:https://en.wikipedia.org/wiki/Brad_Pitt
INFO: 2017-10-11 11:31:49 -0500 analyzing page:https://en.wikipedia.org/wiki/Thelma_%26_Louise
INFO: 2017-10-11 11:31:49 -0500 analyzing page:https://en.wikipedia.org/wiki/A_River_Runs_Through_It_(film)
INFO: 2017-10-11 11:31:49 -0500 analyzing page:https://en.wikipedia.org/wiki/Kalifornia
INFO: 2017-10-11 11:31:49 -0500 analyzing page:https://en.wikipedia.org/wiki/True_Romance
INFO: 2017-10-11 11:31:50 -0500 analyzing page:https://en.wikipedia.org/wiki/Interview_with_the_Vampire_(film)
INFO: 2017-10-11 11:31:50 -0500 analyzing page:https://en.wikipedia.org/wiki/Legends_of_the_Fall
INFO: 2017-10-11 11:31:50 -0500 analyzing page:https://en.wikipedia.org/wiki/Seven_(1995_film)
INFO: 2017-10-11 11:31:50 -0500 analyzing page:https://en.wikipedia.org/wiki/12_Monkeys
INFO: 2017-10-11 11:31:51 -0500 analyzing page:https://en.wikipedia.org/wiki/Sleepers_(film)
INFO: 2017-10-11 11:31:51 -0500 analyzing page:https://en.wikipedia.org/wiki/Seven_Years_in_Tibet_(1997_film)
INFO: 2017-10-11 11:31:51 -0500 analyzing page:https://en.wikipedia.org/wiki/Meet_Joe_Black
INFO: 2017-10-11 11:31:51 -0500 analyzing page:https://en.wikipedia.org/wiki/Fight_Club
INFO: 2017-10-11 11:31:52 -0500 analyzing page:https://en.wikipedia.org/wiki/Snatch_(film)
INFO: 2017-10-11 11:31:52 -0500 analyzing page:https://en.wikipedia.org/wiki/The_Mexican
INFO: 2017-10-11 11:31:52 -0500 analyzing page:https://en.wikipedia.org/wiki/Spy_Game
INFO: 2017-10-11 11:31:52 -0500 analyzing page:https://en.wikipedia.org/wiki/Ocean%27s_Eleven
INFO: 2017-10-11 11:31:53 -0500 analyzing page:https://en.wikipedia.org/wiki/Troy_(film)
INFO: 2017-10-11 11:31:53 -0500 analyzing page:https://en.wikipedia.org/wiki/Ocean%27s_Twelve
INFO: 2017-10-11 11:31:53 -0500 analyzing page:https://en.wikipedia.org/wiki/Mr._%26_Mrs._Smith_(2005_film)
INFO: 2017-10-11 11:31:53 -0500 analyzing page:https://en.wikipedia.org/wiki/Babel_(film)
INFO: 2017-10-11 11:31:54 -0500 analyzing page:https://en.wikipedia.org/wiki/The_Assassination_of_Jesse_James_by_the_Coward_Robert_Ford
INFO: 2017-10-11 11:31:54 -0500 analyzing page:https://en.wikipedia.org/wiki/Ocean%27s_Thirteen
INFO: 2017-10-11 11:31:54 -0500 analyzing page:https://en.wikipedia.org/wiki/Burn_After_Reading
INFO: 2017-10-11 11:31:54 -0500 analyzing page:https://en.wikipedia.org/wiki/The_Curious_Case_of_Benjamin_Button_(film)
INFO: 2017-10-11 11:31:55 -0500 analyzing page:https://en.wikipedia.org/wiki/Inglourious_Basterds
INFO: 2017-10-11 11:31:55 -0500 analyzing page:https://en.wikipedia.org/wiki/The_Tree_of_Life_(film)
INFO: 2017-10-11 11:31:55 -0500 analyzing page:https://en.wikipedia.org/wiki/Moneyball_(film)
INFO: 2017-10-11 11:31:56 -0500 analyzing page:https://en.wikipedia.org/wiki/World_War_Z_(film)
INFO: 2017-10-11 11:31:56 -0500 analyzing page:https://en.wikipedia.org/wiki/12_Years_a_Slave_(film)
INFO: 2017-10-11 11:31:56 -0500 analyzing page:https://en.wikipedia.org/wiki/Fury_(2014_film)
INFO: 2017-10-11 11:31:57 -0500 analyzing page:https://en.wikipedia.org/wiki/The_Big_Short_(film)
INFO: 2017-10-11 11:31:57 -0500 analyzing page:https://en.wikipedia.org/wiki/Allied_(film)
INFO: 2017-10-11 11:31:57 -0500 analyzing page:https://en.wikipedia.org/wiki/War_Machine_(film)
INFO: 2017-10-11 11:31:57 -0500 analyzing page:https://en.wikipedia.org/wiki/Susan_Sarandon
INFO: 2017-10-11 11:31:58 -0500 analyzing page:https://en.wikipedia.org/wiki/Geena_Davis
INFO: 2017-10-11 11:31:58 -0500 analyzing page:https://en.wikipedia.org/wiki/Harvey_Keitel
INFO: 2017-10-11 11:31:58 -0500 analyzing page:https://en.wikipedia.org/wiki/Michael_Madsen
INFO: 2017-10-11 11:31:58 -0500 analyzing page:https://en.wikipedia.org/wiki/Christopher_McDonald
INFO: 2017-10-11 11:31:59 -0500 analyzing page:https://en.wikipedia.org/wiki/Stephen_Tobolowsky
INFO: 2017-10-11 11:31:59 -0500 analyzing page:https://en.wikipedia.org/wiki/Brad_Pitt
INFO: 2017-10-11 11:31:59 -0500 analyzing page:https://en.wikipedia.org/wiki/Timothy_Carhart
INFO: 2017-10-11 11:31:59 -0500 analyzing page:https://en.wikipedia.org/wiki/Jason_Beghe
INFO: 2017-10-11 11:32:00 -0500 analyzing page:https://en.wikipedia.org/wiki/Marco_St._John
INFO: 2017-10-11 11:32:00 -0500 analyzing page:https://en.wikipedia.org/wiki/The_Duellists
INFO: 2017-10-11 11:32:00 -0500 analyzing page:https://en.wikipedia.org/wiki/Alien_(film)
INFO: 2017-10-11 11:32:00 -0500 analyzing page:https://en.wikipedia.org/wiki/Blade_Runner
INFO: 2017-10-11 11:32:01 -0500 analyzing page:https://en.wikipedia.org/wiki/Legend_(1985_film)
INFO: 2017-10-11 11:32:01 -0500 analyzing page:https://en.wikipedia.org/wiki/Someone_to_Watch_Over_Me_(film)
INFO: 2017-10-11 11:32:01 -0500 analyzing page:https://en.wikipedia.org/wiki/Black_Rain_(1989_American_film)
INFO: 2017-10-11 11:34:25 -0500 analyzing page:https://en.wikipedia.org/wiki/Brad_Pitt
INFO: 2017-10-11 11:34:26 -0500 analyzing page:https://en.wikipedia.org/wiki/Thelma_%26_Louise
INFO: 2017-10-11 11:34:26 -0500 analyzing page:https://en.wikipedia.org/wiki/A_River_Runs_Through_It_(film)
INFO: 2017-10-11 11:34:26 -0500 analyzing page:https://en.wikipedia.org/wiki/Kalifornia
INFO: 2017-10-11 11:34:26 -0500 analyzing page:https://en.wikipedia.org/wiki/True_Romance
INFO: 2017-10-11 11:34:27 -0500 analyzing page:https://en.wikipedia.org/wiki/Interview_with_the_Vampire_(film)
INFO: 2017-10-11 11:34:27 -0500 analyzing page:https://en.wikipedia.org/wiki/Legends_of_the_Fall
INFO: 2017-10-11 11:34:27 -0500 analyzing page:https://en.wikipedia.org/wiki/Seven_(1995_film)
INFO: 2017-10-11 11:34:27 -0500 analyzing page:https://en.wikipedia.org/wiki/12_Monkeys
INFO: 2017-10-11 11:34:28 -0500 analyzing page:https://en.wikipedia.org/wiki/Sleepers_(film)
INFO: 2017-10-11 11:34:28 -0500 analyzing page:https://en.wikipedia.org/wiki/Seven_Years_in_Tibet_(1997_film)
INFO: 2017-10-11 11:34:28 -0500 analyzing page:https://en.wikipedia.org/wiki/Meet_Joe_Black
INFO: 2017-10-11 11:34:28 -0500 analyzing page:https://en.wikipedia.org/wiki/Fight_Club
INFO: 2017-10-11 11:34:29 -0500 analyzing page:https://en.wikipedia.org/wiki/Snatch_(film)
INFO: 2017-10-11 11:34:29 -0500 analyzing page:https://en.wikipedia.org/wiki/The_Mexican
INFO: 2017-10-11 11:34:29 -0500 analyzing page:https://en.wikipedia.org/wiki/Spy_Game
INFO: 2017-10-11 11:34:29 -0500 analyzing page:https://en.wikipedia.org/wiki/Ocean%27s_Eleven
INFO: 2017-10-11 11:34:29 -0500 analyzing page:https://en.wikipedia.org/wiki/Troy_(film)
INFO: 2017-10-11 11:34:30 -0500 analyzing page:https://en.wikipedia.org/wiki/Ocean%27s_Twelve
INFO: 2017-10-11 11:34:30 -0500 analyzing page:https://en.wikipedia.org/wiki/Mr._%26_Mrs._Smith_(2005_film)
INFO: 2017-10-11 11:34:30 -0500 analyzing page:https://en.wikipedia.org/wiki/Babel_(film)
INFO: 2017-10-11 11:34:30 -0500 analyzing page:https://en.wikipedia.org/wiki/The_Assassination_of_Jesse_James_by_the_Coward_Robert_Ford
INFO: 2017-10-11 11:34:31 -0500 analyzing page:https://en.wikipedia.org/wiki/Ocean%27s_Thirteen
INFO: 2017-10-11 11:34:31 -0500 analyzing page:https://en.wikipedia.org/wiki/Burn_After_Reading
INFO: 2017-10-11 11:34:31 -0500 analyzing page:https://en.wikipedia.org/wiki/The_Curious_Case_of_Benjamin_Button_(film)
INFO: 2017-10-11 11:34:31 -0500 analyzing page:https://en.wikipedia.org/wiki/Inglourious_Basterds
INFO: 2017-10-11 11:34:32 -0500 analyzing page:https://en.wikipedia.org/wiki/The_Tree_of_Life_(film)
INFO: 2017-10-11 11:34:32 -0500 analyzing page:https://en.wikipedia.org/wiki/Moneyball_(film)
INFO: 2017-10-11 11:34:32 -0500 analyzing page:https://en.wikipedia.org/wiki/World_War_Z_(film)
INFO: 2017-10-11 11:34:33 -0500 analyzing page:https://en.wikipedia.org/wiki/12_Years_a_Slave_(film)
INFO: 2017-10-11 11:34:33 -0500 analyzing page:https://en.wikipedia.org/wiki/Fury_(2014_film)
INFO: 2017-10-11 11:34:33 -0500 analyzing page:https://en.wikipedia.org/wiki/The_Big_Short_(film)
INFO: 2017-10-11 11:34:33 -0500 analyzing page:https://en.wikipedia.org/wiki/Allied_(film)
INFO: 2017-10-11 11:34:34 -0500 analyzing page:https://en.wikipedia.org/wiki/War_Machine_(film)
INFO: 2017-10-11 11:34:34 -0500 analyzing page:https://en.wikipedia.org/wiki/Susan_Sarandon
INFO: 2017-10-11 11:34:34 -0500 analyzing page:https://en.wikipedia.org/wiki/Geena_Davis
INFO: 2017-10-11 11:34:35 -0500 analyzing page:https://en.wikipedia.org/wiki/Harvey_Keitel
INFO: 2017-10-11 11:34:35 -0500 analyzing page:https://en.wikipedia.org/wiki/Michael_Madsen
INFO: 2017-10-11 11:34:35 -0500 analyzing page:https://en.wikipedia.org/wiki/Christopher_McDonald
INFO: 2017-10-11 11:34:35 -0500 analyzing page:https://en.wikipedia.org/wiki/Stephen_Tobolowsky
INFO: 2017-10-11 11:34:36 -0500 analyzing page:https://en.wikipedia.org/wiki/Brad_Pitt
INFO: 2017-10-11 11:34:36 -0500 analyzing page:https://en.wikipedia.org/wiki/Timothy_Carhart
INFO: 2017-10-11 11:34:36 -0500 analyzing page:https://en.wikipedia.org/wiki/Jason_Beghe
INFO: 2017-10-11 11:34:36 -0500 analyzing page:https://en.wikipedia.org/wiki/Marco_St._John
INFO: 2017-10-11 11:34:37 -0500 analyzing page:https://en.wikipedia.org/wiki/The_Duellists
INFO: 2017-10-11 11:34:37 -0500 analyzing page:https://en.wikipedia.org/wiki/Alien_(film)
INFO: 2017-10-11 11:34:37 -0500 analyzing page:https://en.wikipedia.org/wiki/Blade_Runner
INFO: 2017-10-11 11:34:38 -0500 analyzing page:https://en.wikipedia.org/wiki/Legend_(1985_film)
INFO: 2017-10-11 11:34:38 -0500 analyzing page:https://en.wikipedia.org/wiki/Someone_to_Watch_Over_Me_(film)
INFO: 2017-10-11 11:34:38 -0500 analyzing page:https://en.wikipedia.org/wiki/Black_Rain_(1989_American_film)
INFO: 2017-10-11 11:35:54 -0500 analyzing page:https://en.wikipedia.org/wiki/Brad_Pitt
INFO: 2017-10-11 11:35:54 -0500 analyzing page:https://en.wikipedia.org/wiki/Thelma_%26_Louise
INFO: 2017-10-11 11:35:54 -0500 analyzing page:https://en.wikipedia.org/wiki/A_River_Runs_Through_It_(film)
INFO: 2017-10-11 11:35:55 -0500 analyzing page:https://en.wikipedia.org/wiki/Kalifornia
INFO: 2017-10-11 11:35:55 -0500 analyzing page:https://en.wikipedia.org/wiki/True_Romance
INFO: 2017-10-11 11:35:55 -0500 analyzing page:https://en.wikipedia.org/wiki/Interview_with_the_Vampire_(film)
INFO: 2017-10-11 11:35:55 -0500 analyzing page:https://en.wikipedia.org/wiki/Legends_of_the_Fall
INFO: 2017-10-11 11:35:56 -0500 analyzing page:https://en.wikipedia.org/wiki/Seven_(1995_film)
INFO: 2017-10-11 11:35:56 -0500 analyzing page:https://en.wikipedia.org/wiki/12_Monkeys
INFO: 2017-10-11 11:35:56 -0500 analyzing page:https://en.wikipedia.org/wiki/Sleepers_(film)
INFO: 2017-10-11 11:35:56 -0500 analyzing page:https://en.wikipedia.org/wiki/Seven_Years_in_Tibet_(1997_film)
INFO: 2017-10-11 11:35:57 -0500 analyzing page:https://en.wikipedia.org/wiki/Meet_Joe_Black
INFO: 2017-10-11 11:35:57 -0500 analyzing page:https://en.wikipedia.org/wiki/Fight_Club
INFO: 2017-10-11 11:35:57 -0500 analyzing page:https://en.wikipedia.org/wiki/Snatch_(film)
INFO: 2017-10-11 11:35:57 -0500 analyzing page:https://en.wikipedia.org/wiki/The_Mexican
INFO: 2017-10-11 11:35:58 -0500 analyzing page:https://en.wikipedia.org/wiki/Spy_Game
INFO: 2017-10-11 11:35:58 -0500 analyzing page:https://en.wikipedia.org/wiki/Ocean%27s_Eleven
INFO: 2017-10-11 11:35:58 -0500 analyzing page:https://en.wikipedia.org/wiki/Troy_(film)
INFO: 2017-10-11 11:35:58 -0500 analyzing page:https://en.wikipedia.org/wiki/Ocean%27s_Twelve
INFO: 2017-10-11 11:35:58 -0500 analyzing page:https://en.wikipedia.org/wiki/Mr._%26_Mrs._Smith_(2005_film)
INFO: 2017-10-11 11:35:59 -0500 analyzing page:https://en.wikipedia.org/wiki/Babel_(film)
INFO: 2017-10-11 11:35:59 -0500 analyzing page:https://en.wikipedia.org/wiki/The_Assassination_of_Jesse_James_by_the_Coward_Robert_Ford
INFO: 2017-10-11 11:35:59 -0500 analyzing page:https://en.wikipedia.org/wiki/Ocean%27s_Thirteen
INFO: 2017-10-11 11:35:59 -0500 analyzing page:https://en.wikipedia.org/wiki/Burn_After_Reading
INFO: 2017-10-11 11:36:00 -0500 analyzing page:https://en.wikipedia.org/wiki/The_Curious_Case_of_Benjamin_Button_(film)
INFO: 2017-10-11 11:36:00 -0500 analyzing page:https://en.wikipedia.org/wiki/Inglourious_Basterds
INFO: 2017-10-11 11:36:00 -0500 analyzing page:https://en.wikipedia.org/wiki/The_Tree_of_Life_(film)
INFO: 2017-10-11 11:36:00 -0500 analyzing page:https://en.wikipedia.org/wiki/Moneyball_(film)
INFO: 2017-10-11 11:36:01 -0500 analyzing page:https://en.wikipedia.org/wiki/World_War_Z_(film)
INFO: 2017-10-11 11:36:01 -0500 analyzing page:https://en.wikipedia.org/wiki/12_Years_a_Slave_(film)
INFO: 2017-10-11 11:36:01 -0500 analyzing page:https://en.wikipedia.org/wiki/Fury_(2014_film)
INFO: 2017-10-11 11:36:02 -0500 analyzing page:https://en.wikipedia.org/wiki/The_Big_Short_(film)
INFO: 2017-10-11 11:36:02 -0500 analyzing page:https://en.wikipedia.org/wiki/Allied_(film)
INFO: 2017-10-11 11:36:02 -0500 analyzing page:https://en.wikipedia.org/wiki/War_Machine_(film)
INFO: 2017-10-11 11:36:02 -0500 analyzing page:https://en.wikipedia.org/wiki/Susan_Sarandon
INFO: 2017-10-11 11:36:03 -0500 analyzing page:https://en.wikipedia.org/wiki/Geena_Davis
INFO: 2017-10-11 11:36:03 -0500 analyzing page:https://en.wikipedia.org/wiki/Harvey_Keitel
INFO: 2017-10-11 11:36:03 -0500 analyzing page:https://en.wikipedia.org/wiki/Michael_Madsen
INFO: 2017-10-11 11:36:03 -0500 analyzing page:https://en.wikipedia.org/wiki/Christopher_McDonald
INFO: 2017-10-11 11:36:04 -0500 analyzing page:https://en.wikipedia.org/wiki/Stephen_Tobolowsky
INFO: 2017-10-11 11:36:04 -0500 analyzing page:https://en.wikipedia.org/wiki/Brad_Pitt
INFO: 2017-10-11 11:36:04 -0500 analyzing page:https://en.wikipedia.org/wiki/Timothy_Carhart
INFO: 2017-10-11 11:36:05 -0500 analyzing page:https://en.wikipedia.org/wiki/Jason_Beghe
INFO: 2017-10-11 11:36:05 -0500 analyzing page:https://en.wikipedia.org/wiki/Marco_St._John
INFO: 2017-10-11 11:36:05 -0500 analyzing page:https://en.wikipedia.org/wiki/The_Duellists
INFO: 2017-10-11 11:36:05 -0500 analyzing page:https://en.wikipedia.org/wiki/Alien_(film)
INFO: 2017-10-11 11:36:06 -0500 analyzing page:https://en.wikipedia.org/wiki/Blade_Runner
INFO: 2017-10-11 11:36:06 -0500 analyzing page:https://en.wikipedia.org/wiki/Legend_(1985_film)
INFO: 2017-10-11 11:36:06 -0500 analyzing page:https://en.wikipedia.org/wiki/Someone_to_Watch_Over_Me_(film)
INFO: 2017-10-11 11:36:06 -0500 analyzing page:https://en.wikipedia.org/wiki/Black_Rain_(1989_American_film)
INFO: 2017-10-11 11:36:36 -0500 analyzing page:https://en.wikipedia.org/wiki/Brad_Pitt
INFO: 2017-10-11 11:36:37 -0500 analyzing page:https://en.wikipedia.org/wiki/Thelma_%26_Louise
INFO: 2017-10-11 11:36:37 -0500 analyzing page:https://en.wikipedia.org/wiki/A_River_Runs_Through_It_(film)
INFO: 2017-10-11 11:36:37 -0500 analyzing page:https://en.wikipedia.org/wiki/Kalifornia
INFO: 2017-10-11 11:36:38 -0500 analyzing page:https://en.wikipedia.org/wiki/True_Romance
INFO: 2017-10-11 11:36:38 -0500 analyzing page:https://en.wikipedia.org/wiki/Interview_with_the_Vampire_(film)
INFO: 2017-10-11 11:36:38 -0500 analyzing page:https://en.wikipedia.org/wiki/Legends_of_the_Fall
INFO: 2017-10-11 11:36:38 -0500 analyzing page:https://en.wikipedia.org/wiki/Seven_(1995_film)
INFO: 2017-10-11 11:36:39 -0500 analyzing page:https://en.wikipedia.org/wiki/12_Monkeys
INFO: 2017-10-11 11:36:39 -0500 analyzing page:https://en.wikipedia.org/wiki/Sleepers_(film)
INFO: 2017-10-11 11:36:39 -0500 analyzing page:https://en.wikipedia.org/wiki/Seven_Years_in_Tibet_(1997_film)
INFO: 2017-10-11 11:36:39 -0500 analyzing page:https://en.wikipedia.org/wiki/Meet_Joe_Black
INFO: 2017-10-11 11:36:39 -0500 analyzing page:https://en.wikipedia.org/wiki/Fight_Club
INFO: 2017-10-11 11:36:40 -0500 analyzing page:https://en.wikipedia.org/wiki/Snatch_(film)
INFO: 2017-10-11 11:36:40 -0500 analyzing page:https://en.wikipedia.org/wiki/The_Mexican
INFO: 2017-10-11 11:36:40 -0500 analyzing page:https://en.wikipedia.org/wiki/Spy_Game
INFO: 2017-10-11 11:36:40 -0500 analyzing page:https://en.wikipedia.org/wiki/Ocean%27s_Eleven
INFO: 2017-10-11 11:36:41 -0500 analyzing page:https://en.wikipedia.org/wiki/Troy_(film)
INFO: 2017-10-11 11:36:41 -0500 analyzing page:https://en.wikipedia.org/wiki/Ocean%27s_Twelve
INFO: 2017-10-11 11:36:41 -0500 analyzing page:https://en.wikipedia.org/wiki/Mr._%26_Mrs._Smith_(2005_film)
INFO: 2017-10-11 11:36:41 -0500 analyzing page:https://en.wikipedia.org/wiki/Babel_(film)
INFO: 2017-10-11 11:36:42 -0500 analyzing page:https://en.wikipedia.org/wiki/The_Assassination_of_Jesse_James_by_the_Coward_Robert_Ford
INFO: 2017-10-11 11:36:42 -0500 analyzing page:https://en.wikipedia.org/wiki/Ocean%27s_Thirteen
INFO: 2017-10-11 11:36:42 -0500 analyzing page:https://en.wikipedia.org/wiki/Burn_After_Reading
INFO: 2017-10-11 11:36:42 -0500 analyzing page:https://en.wikipedia.org/wiki/The_Curious_Case_of_Benjamin_Button_(film)
INFO: 2017-10-11 11:36:43 -0500 analyzing page:https://en.wikipedia.org/wiki/Inglourious_Basterds
INFO: 2017-10-11 11:36:43 -0500 analyzing page:https://en.wikipedia.org/wiki/The_Tree_of_Life_(film)
INFO: 2017-10-11 11:36:43 -0500 analyzing page:https://en.wikipedia.org/wiki/Moneyball_(film)
INFO: 2017-10-11 11:36:43 -0500 analyzing page:https://en.wikipedia.org/wiki/World_War_Z_(film)
INFO: 2017-10-11 11:36:44 -0500 analyzing page:https://en.wikipedia.org/wiki/12_Years_a_Slave_(film)
INFO: 2017-10-11 11:36:44 -0500 analyzing page:https://en.wikipedia.org/wiki/Fury_(2014_film)
INFO: 2017-10-11 11:36:44 -0500 analyzing page:https://en.wikipedia.org/wiki/The_Big_Short_(film)
INFO: 2017-10-11 11:36:45 -0500 analyzing page:https://en.wikipedia.org/wiki/Allied_(film)
INFO: 2017-10-11 11:36:45 -0500 analyzing page:https://en.wikipedia.org/wiki/War_Machine_(film)
INFO: 2017-10-11 11:36:45 -0500 analyzing page:https://en.wikipedia.org/wiki/Susan_Sarandon
INFO: 2017-10-11 11:36:45 -0500 analyzing page:https://en.wikipedia.org/wiki/Geena_Davis
INFO: 2017-10-11 11:36:46 -0500 analyzing page:https://en.wikipedia.org/wiki/Harvey_Keitel
INFO: 2017-10-11 11:36:46 -0500 analyzing page:https://en.wikipedia.org/wiki/Michael_Madsen
INFO: 2017-10-11 11:36:46 -0500 analyzing page:https://en.wikipedia.org/wiki/Christopher_McDonald
INFO: 2017-10-11 11:36:46 -0500 analyzing page:https://en.wikipedia.org/wiki/Stephen_Tobolowsky
INFO: 2017-10-11 11:36:47 -0500 analyzing page:https://en.wikipedia.org/wiki/Brad_Pitt
INFO: 2017-10-11 11:36:47 -0500 analyzing page:https://en.wikipedia.org/wiki/Timothy_Carhart
INFO: 2017-10-11 11:36:47 -0500 analyzing page:https://en.wikipedia.org/wiki/Jason_Beghe
INFO: 2017-10-11 11:36:47 -0500 analyzing page:https://en.wikipedia.org/wiki/Marco_St._John
INFO: 2017-10-11 11:36:48 -0500 analyzing page:https://en.wikipedia.org/wiki/The_Duellists
INFO: 2017-10-11 11:36:48 -0500 analyzing page:https://en.wikipedia.org/wiki/Alien_(film)
INFO: 2017-10-11 11:36:48 -0500 analyzing page:https://en.wikipedia.org/wiki/Blade_Runner
INFO: 2017-10-11 11:36:49 -0500 analyzing page:https://en.wikipedia.org/wiki/Legend_(1985_film)
INFO: 2017-10-11 11:36:49 -0500 analyzing page:https://en.wikipedia.org/wiki/Someone_to_Watch_Over_Me_(film)
INFO: 2017-10-11 11:36:49 -0500 analyzing page:https://en.wikipedia.org/wiki/Black_Rain_(1989_American_film)
INFO: 2017-10-11 11:37:05 -0500 analyzing page:https://en.wikipedia.org/wiki/Brad_Pitt
INFO: 2017-10-11 11:37:06 -0500 analyzing page:https://en.wikipedia.org/wiki/Thelma_%26_Louise
INFO: 2017-10-11 11:37:06 -0500 analyzing page:https://en.wikipedia.org/wiki/A_River_Runs_Through_It_(film)
INFO: 2017-10-11 11:37:07 -0500 analyzing page:https://en.wikipedia.org/wiki/Kalifornia
INFO: 2017-10-11 11:37:07 -0500 analyzing page:https://en.wikipedia.org/wiki/True_Romance
INFO: 2017-10-11 11:37:07 -0500 analyzing page:https://en.wikipedia.org/wiki/Interview_with_the_Vampire_(film)
INFO: 2017-10-11 11:37:07 -0500 analyzing page:https://en.wikipedia.org/wiki/Legends_of_the_Fall
INFO: 2017-10-11 11:37:08 -0500 analyzing page:https://en.wikipedia.org/wiki/Seven_(1995_film)
INFO: 2017-10-11 11:37:08 -0500 analyzing page:https://en.wikipedia.org/wiki/12_Monkeys
INFO: 2017-10-11 11:37:08 -0500 analyzing page:https://en.wikipedia.org/wiki/Sleepers_(film)
INFO: 2017-10-11 11:37:08 -0500 analyzing page:https://en.wikipedia.org/wiki/Seven_Years_in_Tibet_(1997_film)
INFO: 2017-10-11 11:37:09 -0500 analyzing page:https://en.wikipedia.org/wiki/Meet_Joe_Black
INFO: 2017-10-11 11:37:09 -0500 analyzing page:https://en.wikipedia.org/wiki/Fight_Club
INFO: 2017-10-11 11:37:09 -0500 analyzing page:https://en.wikipedia.org/wiki/Snatch_(film)
INFO: 2017-10-11 11:37:09 -0500 analyzing page:https://en.wikipedia.org/wiki/The_Mexican
INFO: 2017-10-11 11:37:10 -0500 analyzing page:https://en.wikipedia.org/wiki/Spy_Game
INFO: 2017-10-11 11:37:10 -0500 analyzing page:https://en.wikipedia.org/wiki/Ocean%27s_Eleven
INFO: 2017-10-11 11:37:10 -0500 analyzing page:https://en.wikipedia.org/wiki/Troy_(film)
INFO: 2017-10-11 11:37:10 -0500 analyzing page:https://en.wikipedia.org/wiki/Ocean%27s_Twelve
INFO: 2017-10-11 11:37:11 -0500 analyzing page:https://en.wikipedia.org/wiki/Mr._%26_Mrs._Smith_(2005_film)
INFO: 2017-10-11 11:37:11 -0500 analyzing page:https://en.wikipedia.org/wiki/Babel_(film)
INFO: 2017-10-11 11:37:11 -0500 analyzing page:https://en.wikipedia.org/wiki/The_Assassination_of_Jesse_James_by_the_Coward_Robert_Ford
INFO: 2017-10-11 11:37:11 -0500 analyzing page:https://en.wikipedia.org/wiki/Ocean%27s_Thirteen
INFO: 2017-10-11 11:37:12 -0500 analyzing page:https://en.wikipedia.org/wiki/Burn_After_Reading
INFO: 2017-10-11 11:37:12 -0500 analyzing page:https://en.wikipedia.org/wiki/The_Curious_Case_of_Benjamin_Button_(film)
INFO: 2017-10-11 11:37:12 -0500 analyzing page:https://en.wikipedia.org/wiki/Inglourious_Basterds
INFO: 2017-10-11 11:37:13 -0500 analyzing page:https://en.wikipedia.org/wiki/The_Tree_of_Life_(film)
INFO: 2017-10-11 11:37:13 -0500 analyzing page:https://en.wikipedia.org/wiki/Moneyball_(film)
INFO: 2017-10-11 11:37:13 -0500 analyzing page:https://en.wikipedia.org/wiki/World_War_Z_(film)
INFO: 2017-10-11 11:37:13 -0500 analyzing page:https://en.wikipedia.org/wiki/12_Years_a_Slave_(film)
INFO: 2017-10-11 11:37:14 -0500 analyzing page:https://en.wikipedia.org/wiki/Fury_(2014_film)
INFO: 2017-10-11 11:37:14 -0500 analyzing page:https://en.wikipedia.org/wiki/The_Big_Short_(film)
INFO: 2017-10-11 11:37:14 -0500 analyzing page:https://en.wikipedia.org/wiki/Allied_(film)
INFO: 2017-10-11 11:37:15 -0500 analyzing page:https://en.wikipedia.org/wiki/War_Machine_(film)
INFO: 2017-10-11 11:37:15 -0500 analyzing page:https://en.wikipedia.org/wiki/Susan_Sarandon
INFO: 2017-10-11 11:37:15 -0500 analyzing page:https://en.wikipedia.org/wiki/Geena_Davis
INFO: 2017-10-11 11:37:15 -0500 analyzing page:https://en.wikipedia.org/wiki/Harvey_Keitel
INFO: 2017-10-11 11:37:16 -0500 analyzing page:https://en.wikipedia.org/wiki/Michael_Madsen
INFO: 2017-10-11 11:37:16 -0500 analyzing page:https://en.wikipedia.org/wiki/Christopher_McDonald
INFO: 2017-10-11 11:37:16 -0500 analyzing page:https://en.wikipedia.org/wiki/Stephen_Tobolowsky
INFO: 2017-10-11 11:37:16 -0500 analyzing page:https://en.wikipedia.org/wiki/Brad_Pitt
INFO: 2017-10-11 11:37:17 -0500 analyzing page:https://en.wikipedia.org/wiki/Timothy_Carhart
INFO: 2017-10-11 11:37:17 -0500 analyzing page:https://en.wikipedia.org/wiki/Jason_Beghe
INFO: 2017-10-11 11:37:17 -0500 analyzing page:https://en.wikipedia.org/wiki/Marco_St._John
INFO: 2017-10-11 11:37:17 -0500 analyzing page:https://en.wikipedia.org/wiki/The_Duellists
INFO: 2017-10-11 11:37:18 -0500 analyzing page:https://en.wikipedia.org/wiki/Alien_(film)
INFO: 2017-10-11 11:37:18 -0500 analyzing page:https://en.wikipedia.org/wiki/Blade_Runner
INFO: 2017-10-11 11:37:18 -0500 analyzing page:https://en.wikipedia.org/wiki/Legend_(1985_film)
INFO: 2017-10-11 11:37:19 -0500 analyzing page:https://en.wikipedia.org/wiki/Someone_to_Watch_Over_Me_(film)
INFO: 2017-10-11 11:37:19 -0500 analyzing page:https://en.wikipedia.org/wiki/Black_Rain_(1989_American_film)
INFO: 2017-10-11 11:38:42 -0500 analyzing page:https://en.wikipedia.org/wiki/Brad_Pitt
INFO: 2017-10-11 11:38:42 -0500 analyzing page:https://en.wikipedia.org/wiki/Thelma_%26_Louise
INFO: 2017-10-11 11:38:42 -0500 analyzing page:https://en.wikipedia.org/wiki/A_River_Runs_Through_It_(film)
INFO: 2017-10-11 11:38:43 -0500 analyzing page:https://en.wikipedia.org/wiki/Kalifornia
INFO: 2017-10-11 11:38:43 -0500 analyzing page:https://en.wikipedia.org/wiki/True_Romance
INFO: 2017-10-11 11:38:43 -0500 analyzing page:https://en.wikipedia.org/wiki/Interview_with_the_Vampire_(film)
INFO: 2017-10-11 11:38:43 -0500 analyzing page:https://en.wikipedia.org/wiki/Legends_of_the_Fall
INFO: 2017-10-11 11:38:43 -0500 analyzing page:https://en.wikipedia.org/wiki/Seven_(1995_film)
INFO: 2017-10-11 11:38:44 -0500 analyzing page:https://en.wikipedia.org/wiki/12_Monkeys
INFO: 2017-10-11 11:38:44 -0500 analyzing page:https://en.wikipedia.org/wiki/Sleepers_(film)
INFO: 2017-10-11 11:38:44 -0500 analyzing page:https://en.wikipedia.org/wiki/Seven_Years_in_Tibet_(1997_film)
INFO: 2017-10-11 11:38:44 -0500 analyzing page:https://en.wikipedia.org/wiki/Meet_Joe_Black
INFO: 2017-10-11 11:38:45 -0500 analyzing page:https://en.wikipedia.org/wiki/Fight_Club
INFO: 2017-10-11 11:38:45 -0500 analyzing page:https://en.wikipedia.org/wiki/Snatch_(film)
INFO: 2017-10-11 11:38:45 -0500 analyzing page:https://en.wikipedia.org/wiki/The_Mexican
INFO: 2017-10-11 11:38:45 -0500 analyzing page:https://en.wikipedia.org/wiki/Spy_Game
INFO: 2017-10-11 11:38:46 -0500 analyzing page:https://en.wikipedia.org/wiki/Ocean%27s_Eleven
INFO: 2017-10-11 11:38:46 -0500 analyzing page:https://en.wikipedia.org/wiki/Troy_(film)
INFO: 2017-10-11 11:38:46 -0500 analyzing page:https://en.wikipedia.org/wiki/Ocean%27s_Twelve
INFO: 2017-10-11 11:38:46 -0500 analyzing page:https://en.wikipedia.org/wiki/Mr._%26_Mrs._Smith_(2005_film)
INFO: 2017-10-11 11:38:46 -0500 analyzing page:https://en.wikipedia.org/wiki/Babel_(film)
INFO: 2017-10-11 11:38:47 -0500 analyzing page:https://en.wikipedia.org/wiki/The_Assassination_of_Jesse_James_by_the_Coward_Robert_Ford
INFO: 2017-10-11 11:38:47 -0500 analyzing page:https://en.wikipedia.org/wiki/Ocean%27s_Thirteen
INFO: 2017-10-11 11:38:47 -0500 analyzing page:https://en.wikipedia.org/wiki/Burn_After_Reading
INFO: 2017-10-11 11:38:47 -0500 analyzing page:https://en.wikipedia.org/wiki/The_Curious_Case_of_Benjamin_Button_(film)
INFO: 2017-10-11 11:38:48 -0500 analyzing page:https://en.wikipedia.org/wiki/Inglourious_Basterds
INFO: 2017-10-11 11:38:48 -0500 analyzing page:https://en.wikipedia.org/wiki/The_Tree_of_Life_(film)
INFO: 2017-10-11 11:38:48 -0500 analyzing page:https://en.wikipedia.org/wiki/Moneyball_(film)
INFO: 2017-10-11 11:38:49 -0500 analyzing page:https://en.wikipedia.org/wiki/World_War_Z_(film)
INFO: 2017-10-11 11:38:49 -0500 analyzing page:https://en.wikipedia.org/wiki/12_Years_a_Slave_(film)
INFO: 2017-10-11 11:38:49 -0500 analyzing page:https://en.wikipedia.org/wiki/Fury_(2014_film)
INFO: 2017-10-11 11:38:50 -0500 analyzing page:https://en.wikipedia.org/wiki/The_Big_Short_(film)
INFO: 2017-10-11 11:38:50 -0500 analyzing page:https://en.wikipedia.org/wiki/Allied_(film)
INFO: 2017-10-11 11:38:50 -0500 analyzing page:https://en.wikipedia.org/wiki/War_Machine_(film)
INFO: 2017-10-11 11:38:50 -0500 analyzing page:https://en.wikipedia.org/wiki/Susan_Sarandon
INFO: 2017-10-11 11:38:51 -0500 analyzing page:https://en.wikipedia.org/wiki/Geena_Davis
INFO: 2017-10-11 11:38:51 -0500 analyzing page:https://en.wikipedia.org/wiki/Harvey_Keitel
INFO: 2017-10-11 11:38:51 -0500 analyzing page:https://en.wikipedia.org/wiki/Michael_Madsen
INFO: 2017-10-11 11:38:51 -0500 analyzing page:https://en.wikipedia.org/wiki/Christopher_McDonald
INFO: 2017-10-11 11:38:51 -0500 analyzing page:https://en.wikipedia.org/wiki/Stephen_Tobolowsky
INFO: 2017-10-11 11:38:52 -0500 analyzing page:https://en.wikipedia.org/wiki/Brad_Pitt
INFO: 2017-10-11 11:38:52 -0500 analyzing page:https://en.wikipedia.org/wiki/Timothy_Carhart
INFO: 2017-10-11 11:38:52 -0500 analyzing page:https://en.wikipedia.org/wiki/Jason_Beghe
INFO: 2017-10-11 11:38:53 -0500 analyzing page:https://en.wikipedia.org/wiki/Marco_St._John
INFO: 2017-10-11 11:38:53 -0500 analyzing page:https://en.wikipedia.org/wiki/The_Duellists
INFO: 2017-10-11 11:38:53 -0500 analyzing page:https://en.wikipedia.org/wiki/Alien_(film)
INFO: 2017-10-11 11:38:53 -0500 analyzing page:https://en.wikipedia.org/wiki/Blade_Runner
INFO: 2017-10-11 11:38:54 -0500 analyzing page:https://en.wikipedia.org/wiki/Legend_(1985_film)
INFO: 2017-10-11 11:38:54 -0500 analyzing page:https://en.wikipedia.org/wiki/Someone_to_Watch_Over_Me_(film)
INFO: 2017-10-11 11:38:54 -0500 analyzing page:https://en.wikipedia.org/wiki/Black_Rain_(1989_American_film)
INFO: 2017-10-11 11:39:10 -0500 analyzing page:https://en.wikipedia.org/wiki/Brad_Pitt
INFO: 2017-10-11 11:39:11 -0500 analyzing page:https://en.wikipedia.org/wiki/Thelma_%26_Louise
INFO: 2017-10-11 11:39:11 -0500 analyzing page:https://en.wikipedia.org/wiki/A_River_Runs_Through_It_(film)
INFO: 2017-10-11 11:39:11 -0500 analyzing page:https://en.wikipedia.org/wiki/Kalifornia
INFO: 2017-10-11 11:39:11 -0500 analyzing page:https://en.wikipedia.org/wiki/True_Romance
INFO: 2017-10-11 11:39:11 -0500 analyzing page:https://en.wikipedia.org/wiki/Interview_with_the_Vampire_(film)
INFO: 2017-10-11 11:39:12 -0500 analyzing page:https://en.wikipedia.org/wiki/Legends_of_the_Fall
INFO: 2017-10-11 11:39:12 -0500 analyzing page:https://en.wikipedia.org/wiki/Seven_(1995_film)
INFO: 2017-10-11 11:39:12 -0500 analyzing page:https://en.wikipedia.org/wiki/12_Monkeys
INFO: 2017-10-11 11:39:12 -0500 analyzing page:https://en.wikipedia.org/wiki/Sleepers_(film)
INFO: 2017-10-11 11:39:13 -0500 analyzing page:https://en.wikipedia.org/wiki/Seven_Years_in_Tibet_(1997_film)
INFO: 2017-10-11 11:39:13 -0500 analyzing page:https://en.wikipedia.org/wiki/Meet_Joe_Black
INFO: 2017-10-11 11:39:13 -0500 analyzing page:https://en.wikipedia.org/wiki/Fight_Club
INFO: 2017-10-11 11:39:13 -0500 analyzing page:https://en.wikipedia.org/wiki/Snatch_(film)
INFO: 2017-10-11 11:39:14 -0500 analyzing page:https://en.wikipedia.org/wiki/The_Mexican
INFO: 2017-10-11 11:39:14 -0500 analyzing page:https://en.wikipedia.org/wiki/Spy_Game
INFO: 2017-10-11 11:39:14 -0500 analyzing page:https://en.wikipedia.org/wiki/Ocean%27s_Eleven
INFO: 2017-10-11 11:39:14 -0500 analyzing page:https://en.wikipedia.org/wiki/Troy_(film)
INFO: 2017-10-11 11:39:15 -0500 analyzing page:https://en.wikipedia.org/wiki/Ocean%27s_Twelve
INFO: 2017-10-11 11:39:15 -0500 analyzing page:https://en.wikipedia.org/wiki/Mr._%26_Mrs._Smith_(2005_film)
INFO: 2017-10-11 11:39:15 -0500 analyzing page:https://en.wikipedia.org/wiki/Babel_(film)
INFO: 2017-10-11 11:39:15 -0500 analyzing page:https://en.wikipedia.org/wiki/The_Assassination_of_Jesse_James_by_the_Coward_Robert_Ford
INFO: 2017-10-11 11:39:16 -0500 analyzing page:https://en.wikipedia.org/wiki/Ocean%27s_Thirteen
INFO: 2017-10-11 11:39:16 -0500 analyzing page:https://en.wikipedia.org/wiki/Burn_After_Reading
INFO: 2017-10-11 11:39:16 -0500 analyzing page:https://en.wikipedia.org/wiki/The_Curious_Case_of_Benjamin_Button_(film)
INFO: 2017-10-11 11:39:16 -0500 analyzing page:https://en.wikipedia.org/wiki/Inglourious_Basterds
INFO: 2017-10-11 11:39:17 -0500 analyzing page:https://en.wikipedia.org/wiki/The_Tree_of_Life_(film)
INFO: 2017-10-11 11:39:17 -0500 analyzing page:https://en.wikipedia.org/wiki/Moneyball_(film)
INFO: 2017-10-11 11:39:17 -0500 analyzing page:https://en.wikipedia.org/wiki/World_War_Z_(film)
INFO: 2017-10-11 11:39:17 -0500 analyzing page:https://en.wikipedia.org/wiki/12_Years_a_Slave_(film)
INFO: 2017-10-11 11:39:18 -0500 analyzing page:https://en.wikipedia.org/wiki/Fury_(2014_film)
INFO: 2017-10-11 11:39:18 -0500 analyzing page:https://en.wikipedia.org/wiki/The_Big_Short_(film)
INFO: 2017-10-11 11:39:18 -0500 analyzing page:https://en.wikipedia.org/wiki/Allied_(film)
INFO: 2017-10-11 11:39:18 -0500 analyzing page:https://en.wikipedia.org/wiki/War_Machine_(film)
INFO: 2017-10-11 11:39:19 -0500 analyzing page:https://en.wikipedia.org/wiki/Susan_Sarandon
INFO: 2017-10-11 11:39:19 -0500 analyzing page:https://en.wikipedia.org/wiki/Geena_Davis
INFO: 2017-10-11 11:39:19 -0500 analyzing page:https://en.wikipedia.org/wiki/Harvey_Keitel
INFO: 2017-10-11 11:39:19 -0500 analyzing page:https://en.wikipedia.org/wiki/Michael_Madsen
INFO: 2017-10-11 11:39:20 -0500 analyzing page:https://en.wikipedia.org/wiki/Christopher_McDonald
INFO: 2017-10-11 11:39:20 -0500 analyzing page:https://en.wikipedia.org/wiki/Stephen_Tobolowsky
INFO: 2017-10-11 11:39:20 -0500 analyzing page:https://en.wikipedia.org/wiki/Brad_Pitt
INFO: 2017-10-11 11:39:21 -0500 analyzing page:https://en.wikipedia.org/wiki/Timothy_Carhart
INFO: 2017-10-11 11:39:21 -0500 analyzing page:https://en.wikipedia.org/wiki/Jason_Beghe
INFO: 2017-10-11 11:39:21 -0500 analyzing page:https://en.wikipedia.org/wiki/Marco_St._John
INFO: 2017-10-11 11:39:21 -0500 analyzing page:https://en.wikipedia.org/wiki/The_Duellists
INFO: 2017-10-11 11:39:21 -0500 analyzing page:https://en.wikipedia.org/wiki/Alien_(film)
INFO: 2017-10-11 11:39:22 -0500 analyzing page:https://en.wikipedia.org/wiki/Blade_Runner
INFO: 2017-10-11 11:39:22 -0500 analyzing page:https://en.wikipedia.org/wiki/Legend_(1985_film)
INFO: 2017-10-11 11:39:22 -0500 analyzing page:https://en.wikipedia.org/wiki/Someone_to_Watch_Over_Me_(film)
INFO: 2017-10-11 11:39:22 -0500 analyzing page:https://en.wikipedia.org/wiki/Black_Rain_(1989_American_film)
INFO: 2017-10-11 11:39:51 -0500 analyzing page:https://en.wikipedia.org/wiki/Brad_Pitt
INFO: 2017-10-11 11:39:51 -0500 analyzing page:https://en.wikipedia.org/wiki/Thelma_%26_Louise
INFO: 2017-10-11 11:39:51 -0500 analyzing page:https://en.wikipedia.org/wiki/A_River_Runs_Through_It_(film)
INFO: 2017-10-11 11:39:52 -0500 analyzing page:https://en.wikipedia.org/wiki/Kalifornia
INFO: 2017-10-11 11:39:52 -0500 analyzing page:https://en.wikipedia.org/wiki/True_Romance
INFO: 2017-10-11 11:39:52 -0500 analyzing page:https://en.wikipedia.org/wiki/Interview_with_the_Vampire_(film)
INFO: 2017-10-11 11:39:52 -0500 analyzing page:https://en.wikipedia.org/wiki/Legends_of_the_Fall
INFO: 2017-10-11 11:39:53 -0500 analyzing page:https://en.wikipedia.org/wiki/Seven_(1995_film)
INFO: 2017-10-11 11:39:53 -0500 analyzing page:https://en.wikipedia.org/wiki/12_Monkeys
INFO: 2017-10-11 11:39:53 -0500 analyzing page:https://en.wikipedia.org/wiki/Sleepers_(film)
INFO: 2017-10-11 11:39:53 -0500 analyzing page:https://en.wikipedia.org/wiki/Seven_Years_in_Tibet_(1997_film)
INFO: 2017-10-11 11:39:54 -0500 analyzing page:https://en.wikipedia.org/wiki/Meet_Joe_Black
INFO: 2017-10-11 11:39:54 -0500 analyzing page:https://en.wikipedia.org/wiki/Fight_Club
INFO: 2017-10-11 11:39:54 -0500 analyzing page:https://en.wikipedia.org/wiki/Snatch_(film)
INFO: 2017-10-11 11:39:54 -0500 analyzing page:https://en.wikipedia.org/wiki/The_Mexican
INFO: 2017-10-11 11:39:55 -0500 analyzing page:https://en.wikipedia.org/wiki/Spy_Game
INFO: 2017-10-11 11:39:55 -0500 analyzing page:https://en.wikipedia.org/wiki/Ocean%27s_Eleven
INFO: 2017-10-11 11:39:55 -0500 analyzing page:https://en.wikipedia.org/wiki/Troy_(film)
INFO: 2017-10-11 11:39:55 -0500 analyzing page:https://en.wikipedia.org/wiki/Ocean%27s_Twelve
INFO: 2017-10-11 11:39:56 -0500 analyzing page:https://en.wikipedia.org/wiki/Mr._%26_Mrs._Smith_(2005_film)
INFO: 2017-10-11 11:39:56 -0500 analyzing page:https://en.wikipedia.org/wiki/Babel_(film)
INFO: 2017-10-11 11:39:56 -0500 analyzing page:https://en.wikipedia.org/wiki/The_Assassination_of_Jesse_James_by_the_Coward_Robert_Ford
INFO: 2017-10-11 11:39:56 -0500 analyzing page:https://en.wikipedia.org/wiki/Ocean%27s_Thirteen
INFO: 2017-10-11 11:39:57 -0500 analyzing page:https://en.wikipedia.org/wiki/Burn_After_Reading
INFO: 2017-10-11 11:39:57 -0500 analyzing page:https://en.wikipedia.org/wiki/The_Curious_Case_of_Benjamin_Button_(film)
INFO: 2017-10-11 11:39:57 -0500 analyzing page:https://en.wikipedia.org/wiki/Inglourious_Basterds
INFO: 2017-10-11 11:39:57 -0500 analyzing page:https://en.wikipedia.org/wiki/The_Tree_of_Life_(film)
INFO: 2017-10-11 11:39:58 -0500 analyzing page:https://en.wikipedia.org/wiki/Moneyball_(film)
INFO: 2017-10-11 11:39:58 -0500 analyzing page:https://en.wikipedia.org/wiki/World_War_Z_(film)
INFO: 2017-10-11 11:39:58 -0500 analyzing page:https://en.wikipedia.org/wiki/12_Years_a_Slave_(film)
INFO: 2017-10-11 11:39:59 -0500 analyzing page:https://en.wikipedia.org/wiki/Fury_(2014_film)
INFO: 2017-10-11 11:39:59 -0500 analyzing page:https://en.wikipedia.org/wiki/The_Big_Short_(film)
INFO: 2017-10-11 11:39:59 -0500 analyzing page:https://en.wikipedia.org/wiki/Allied_(film)
INFO: 2017-10-11 11:39:59 -0500 analyzing page:https://en.wikipedia.org/wiki/War_Machine_(film)
INFO: 2017-10-11 11:40:00 -0500 analyzing page:https://en.wikipedia.org/wiki/Susan_Sarandon
INFO: 2017-10-11 11:40:00 -0500 analyzing page:https://en.wikipedia.org/wiki/Geena_Davis
INFO: 2017-10-11 11:40:00 -0500 analyzing page:https://en.wikipedia.org/wiki/Harvey_Keitel
INFO: 2017-10-11 11:40:00 -0500 analyzing page:https://en.wikipedia.org/wiki/Michael_Madsen
INFO: 2017-10-11 11:40:01 -0500 analyzing page:https://en.wikipedia.org/wiki/Christopher_McDonald
INFO: 2017-10-11 11:40:01 -0500 analyzing page:https://en.wikipedia.org/wiki/Stephen_Tobolowsky
INFO: 2017-10-11 11:40:01 -0500 analyzing page:https://en.wikipedia.org/wiki/Brad_Pitt
INFO: 2017-10-11 11:40:01 -0500 analyzing page:https://en.wikipedia.org/wiki/Timothy_Carhart
INFO: 2017-10-11 11:40:02 -0500 analyzing page:https://en.wikipedia.org/wiki/Jason_Beghe
INFO: 2017-10-11 11:40:02 -0500 analyzing page:https://en.wikipedia.org/wiki/Marco_St._John
INFO: 2017-10-11 11:40:02 -0500 analyzing page:https://en.wikipedia.org/wiki/The_Duellists
INFO: 2017-10-11 11:40:02 -0500 analyzing page:https://en.wikipedia.org/wiki/Alien_(film)
INFO: 2017-10-11 11:40:03 -0500 analyzing page:https://en.wikipedia.org/wiki/Blade_Runner
INFO: 2017-10-11 11:40:03 -0500 analyzing page:https://en.wikipedia.org/wiki/Legend_(1985_film)
INFO: 2017-10-11 11:40:03 -0500 analyzing page:https://en.wikipedia.org/wiki/Someone_to_Watch_Over_Me_(film)
INFO: 2017-10-11 11:40:03 -0500 analyzing page:https://en.wikipedia.org/wiki/Black_Rain_(1989_American_film)
